<?xml version="1.0" encoding="UTF-8"?>
<!-- Generated by org.testng.reporters.JUnitReportReporter -->
<testsuite skipped="0" hostname="Amar" name="pac.GetTitle" tests="1" failures="0" timestamp="09 Jul 2020 14:21:10 GMT" time="5.376" errors="0">
  <testcase name="getTitle" time="5.376" classname="pac.GetTitle"/>
</testsuite> <!-- pac.GetTitle -->
